<?xml version="1.0" encoding="UTF-8"?>
<testsuite name="laricaco.LariCACOTest" tests="5" skipped="0" failures="0" errors="0" timestamp="2025-06-24T01:49:06" hostname="ACER-GLEISON" time="0.054">
  <properties/>
  <testcase name="adicionarItemNoCarrinho()" classname="laricaco.LariCACOTest" time="0.044"/>
  <testcase name="precoNaPromocao()" classname="laricaco.LariCACOTest" time="0.002"/>
  <testcase name="venderItens()" classname="laricaco.LariCACOTest" time="0.001"/>
  <testcase name="filtroPorTipo()" classname="laricaco.LariCACOTest" time="0.002"/>
  <testcase name="filtroPorTag()" classname="laricaco.LariCACOTest" time="0.002"/>
  <system-out><![CDATA[No carrinho: 2. Em estoque : 10
No carrinho: 2. Em estoque : 10
No carrinho: 2. Em estoque : 10
No carrinho: 1. Em estoque : 10
]]></system-out>
  <system-err><![CDATA[]]></system-err>
</testsuite>
